2023-02-05 23:21:04,101 - INFO - Generated token eyJ0eXAiOiJKV1QiLCJhbGciOiJIUzI1NiJ9.eyJ1c2VybmFtZSI6Ikplc3NpY2EgVGVtcG9yYWwiLCJwYXNzd29yZCI6Ikplc3NQYXNzIn0.B1_JPd1f0CSeSSniCqeq7y-vNbYDEuCkHpIbD_N9wcY for customer Jessica Temporal
2023-02-05 23:21:23,320 - INFO - Decoded token b'eyJ0eXAiOiJKV1QiLCJhbGciOiJIUzI1NiJ9.eyJ1c2VybmFtZSI6Ikplc3NpY2EgVGVtcG9yYWwiLCJwYXNzd29yZCI6Ikplc3NQYXNzIn0.B1_JPd1f0CSeSSniCqeq7y-vNbYDEuCkHpIbD_N9wcY' to get {'username': 'Jessica Temporal', 'password': 'JessPass'}
2023-02-06 22:41:26,490 - INFO - Trying to add a new customer dayeemparkar
2023-02-06 22:41:26,793 - INFO - Customer dayeemparkar created
2023-02-06 22:42:13,058 - INFO - Trying to add a new customer dayeemparkar
2023-02-06 22:42:13,323 - INFO - Customer dayeemparkar created
2023-02-06 22:44:30,614 - INFO - Trying to add a new customer dayeemparkar
2023-02-06 22:44:30,643 - WARNING - Username dayeemparkar is already taken
2023-02-06 22:44:52,583 - INFO - Trying to add a new customer shivamtr
2023-02-06 22:44:52,851 - INFO - Customer shivamtr created
2023-02-06 22:46:51,268 - INFO - Trying to add a new customer fwazergxdtf
2023-02-06 22:46:51,568 - WARNING - Mobile number 1234568907 already registered
2023-02-06 22:47:11,376 - INFO - Trying to add a new customer fwazergxdtf
2023-02-06 22:47:11,643 - INFO - Customer fwazergxdtf created
2023-02-06 22:48:53,811 - INFO - Trying to add a new customer fwazergxdtr
2023-02-06 22:48:54,129 - INFO - Customer fwazergxdtr created
2023-02-07 12:30:21,319 - INFO - Generated token eyJ0eXAiOiJKV1QiLCJhbGciOiJIUzI1NiJ9.eyJ1c2VybmFtZSI6ImRheWVlbSIsInBhc3N3b3JkIjoicGFzc3dvcmQifQ.6nzB_m0uzUudC5O8PiZxQvh4LZ2b3rr93i7sx3YtQ3I for {'username': 'dayeem', 'password': 'password'}
2023-02-07 14:52:27,263 - INFO - Customer Login info: Customer dayeemparkar verified
2023-02-07 14:52:27,263 - INFO - Customer dayeemparkar logged in with token eyJ0eXAiOiJKV1QiLCJhbGciOiJIUzI1NiJ9.eyJ1c2VybmFtZSI6ImRheWVlbXBhcmthciIsInBhc3N3b3JkIjoiJDJiJDEyJGJnYmxBNHhzMlRFczBrOGhqajQuZi5TSzlRU1RpL3QueE9JSjZpNzBCM0lONU05VE8ya2tlIiwidGltZXN0YW1wIjoiMjAyMy0wMi0wNyAxNDo1MjoyNy4yNjM3NTUifQ.zRJeKqHeqPYbghBPNiuf-cWsfpBE17tFMHP80K9OBRE
2023-02-07 14:53:07,774 - INFO - Clearing session variables for user dayeemparkar
2023-02-07 14:53:07,774 - INFO - Session variables cleared
2023-02-07 14:56:54,079 - INFO - Customer Login info: Customer dayeemparkar verified
2023-02-07 14:56:54,079 - INFO - Customer dayeemparkar logged in with token eyJ0eXAiOiJKV1QiLCJhbGciOiJIUzI1NiJ9.eyJ1c2VybmFtZSI6ImRheWVlbXBhcmthciIsInBhc3N3b3JkIjoiJDJiJDEyJGJnYmxBNHhzMlRFczBrOGhqajQuZi5TSzlRU1RpL3QueE9JSjZpNzBCM0lONU05VE8ya2tlIiwidGltZXN0YW1wIjoiMjAyMy0wMi0wNyAxNDo1Njo1NC4wNzkyNzYifQ.THpjEc7tnNqd0IErd9tHw4-bxHF1l0OwViDG_8XhvIY
2023-02-07 14:57:10,907 - INFO - Clearing session variables for user dayeemparkar
2023-02-07 14:57:10,907 - INFO - Session variables cleared
2023-02-07 14:57:22,500 - WARNING - Customer Login warning: Invalid password sdjhcbsjdhv for customer dayeemparkar
IndexError: string index out of range
2023-02-07 15:07:57,153 - WARNING - Customer Login warning: Customer dayeemparkar2sd does not exist
2023-02-07 15:15:09,252 - INFO - Customer Login info: Customer dayeemparkar verified
2023-02-07 15:15:09,252 - INFO - Customer dayeemparkar logged in with token eyJ0eXAiOiJKV1QiLCJhbGciOiJIUzI1NiJ9.eyJ1c2VybmFtZSI6ImRheWVlbXBhcmthciIsInBhc3N3b3JkIjoiJDJiJDEyJGJnYmxBNHhzMlRFczBrOGhqajQuZi5TSzlRU1RpL3QueE9JSjZpNzBCM0lONU05VE8ya2tlIiwidGltZXN0YW1wIjoiMjAyMy0wMi0wNyAxNToxNTowOS4yNTI4MDEifQ.cy0BWBYoyqEetcR0DzKSw-C7O3Yqga7UM0yX4J6CMlc
2023-02-07 15:15:19,551 - INFO - Clearing session variables for user dayeemparkar
2023-02-07 15:15:19,551 - INFO - Session variables cleared
2023-02-07 15:15:37,248 - INFO - Customer Login info: Customer dayeemparkar verified
2023-02-07 15:15:37,248 - INFO - Customer dayeemparkar logged in with token eyJ0eXAiOiJKV1QiLCJhbGciOiJIUzI1NiJ9.eyJ1c2VybmFtZSI6ImRheWVlbXBhcmthciIsInBhc3N3b3JkIjoiJDJiJDEyJGJnYmxBNHhzMlRFczBrOGhqajQuZi5TSzlRU1RpL3QueE9JSjZpNzBCM0lONU05VE8ya2tlIiwidGltZXN0YW1wIjoiMjAyMy0wMi0wNyAxNToxNTozNy4yNDgyNzgifQ.DNedWIbEnQplI-Ug3T-7qaV_93uZQ8JiY-WQPblJhM4
2023-02-07 15:15:48,525 - INFO - Clearing session variables for user dayeemparkar
2023-02-07 15:15:48,526 - INFO - Session variables cleared
2023-02-07 15:23:42,700 - INFO - Customer Login info: Customer dayeemparkar verified
2023-02-07 15:23:42,701 - INFO - Customer dayeemparkar logged in with token eyJ0eXAiOiJKV1QiLCJhbGciOiJIUzI1NiJ9.eyJ1c2VybmFtZSI6ImRheWVlbXBhcmthciIsInBhc3N3b3JkIjoiJDJiJDEyJGJnYmxBNHhzMlRFczBrOGhqajQuZi5TSzlRU1RpL3QueE9JSjZpNzBCM0lONU05VE8ya2tlIiwidGltZXN0YW1wIjoiMjAyMy0wMi0wNyAxNToyMzo0Mi43MDA5OTcifQ.jcZX__fsjnDEzp3sqHv_YtCH0oLElayo6m6vxggugo4
2023-02-07 15:23:57,104 - INFO - Clearing session variables for user dayeemparkar
2023-02-07 15:23:57,104 - INFO - Session variables cleared
2023-02-07 15:46:52,989 - INFO - Generated token eyJ0eXAiOiJKV1QiLCJhbGciOiJIUzI1NiJ9.eyJ1c2VybmFtZSI6ImRheWVlbXBhcmthciIsInBhc3N3b3JkIjoiZGF5ZWVtIn0.pmULJvjDaoN4ippmiKCiHsJeWs5DXnPfN5ZWtUNYylw for {'username': 'dayeemparkar', 'password': 'dayeem'}
2023-02-07 16:58:34,647 - WARNING - Customer Login warning: Invalid password random for customer dayeemparkar
2023-02-07 16:58:34,648 - WARNING - Invalid credentials: Username dayeemparkar, Password random
2023-02-07 16:58:45,449 - INFO - Customer Login info: Customer dayeemparkar verified
2023-02-07 16:58:45,449 - INFO - Generated token eyJ0eXAiOiJKV1QiLCJhbGciOiJIUzI1NiJ9.eyJ1c2VybmFtZSI6ImRheWVlbXBhcmthciIsInBhc3N3b3JkIjoiZGF5ZWVtIiwidGltZXN0YW1wIjoiMjAyMy0wMi0wNyAxNjo1ODo0NS40NDk4MTQifQ.BQ9EsUBtsSOky0nFRjO6VZPZAdaI3E2e68Res0sK7RA for {'username': 'dayeemparkar', 'password': 'dayeem', 'timestamp': '2023-02-07 16:58:45.449814'}
2023-02-07 16:59:28,158 - INFO - Decoded token b'eyJ0eXAiOiJKV1QiLCJhbGciOiJIUzI1NiJ9.eyJ1c2VybmFtZSI6ImRheWVlbXBhcmthciIsInBhc3N3b3JkIjoiZGF5ZWVtIiwidGltZXN0YW1wIjoiMjAyMy0wMi0wNyAxNjo1ODo0NS40NDk4MTQifQ.BQ9EsUBtsSOky0nFRjO6VZPZAdaI3E2e68Res0sK7RA' to get {'username': 'dayeemparkar', 'password': 'dayeem', 'timestamp': '2023-02-07 16:58:45.449814'}
2023-02-07 16:59:28,419 - INFO - Customer Login info: Customer dayeemparkar verified
2023-02-07 17:10:26,174 - INFO - Customer Login info: Customer dayeemparkar verified
2023-02-07 17:10:26,174 - INFO - Customer dayeemparkar logged in with token eyJ0eXAiOiJKV1QiLCJhbGciOiJIUzI1NiJ9.eyJ1c2VybmFtZSI6ImRheWVlbXBhcmthciIsInBhc3N3b3JkIjoiJDJiJDEyJGJnYmxBNHhzMlRFczBrOGhqajQuZi5TSzlRU1RpL3QueE9JSjZpNzBCM0lONU05VE8ya2tlIiwidGltZXN0YW1wIjoiMjAyMy0wMi0wNyAxNzoxMDoyNi4xNzQ1NDMifQ.YLPM72Z2Kn7DLqXSrTiVUjAAUaxoEx9LZOUwyZK0hH4
2023-02-07 17:10:44,322 - INFO - Clearing session variables for user dayeemparkar
2023-02-07 17:10:44,322 - INFO - Session variables cleared
2023-02-07 21:00:24,277 - ERROR - Error while inserting row with params ['1', '1000', "'2023-02-07 21:00:24.275526+05:30'"] in table transactions
Traceback (most recent call last):
  File "/Users/dayeemparkar/Desktop/Training/BajajMarketsTrainingCaseStudy/db_connector_class.py", line 130, in insertRow
    cls.cur.execute(cls.generateInsertQuery(table_name, params, TRANSACTION_TABLE_COLS[1:]))
psycopg2.errors.SyntaxError: INSERT has more target columns than expressions
LINE 1: ...sactions (from_account_no, to_account_no, amount, transactio...
                                                             ^

2023-02-07 21:00:24,278 - ERROR - Error while creating tables
Traceback (most recent call last):
  File "/Users/dayeemparkar/Desktop/Training/BajajMarketsTrainingCaseStudy/db_connector_class.py", line 87, in createTables
    cls.cur.execute(cls.generateCreateQuery(CUSTOMER_TABLE, CUSTOMER_TABLE_COLS))
psycopg2.errors.InFailedSqlTransaction: current transaction is aborted, commands ignored until end of transaction block

2023-02-07 21:00:24,278 - ERROR - Error while selecting rows of table transactions
Traceback (most recent call last):
  File "/Users/dayeemparkar/Desktop/Training/BajajMarketsTrainingCaseStudy/db_connector_class.py", line 108, in selectRows
    cls.cur.execute(f"SELECT {select_rows} FROM {table_name} {additions};")
psycopg2.errors.InFailedSqlTransaction: current transaction is aborted, commands ignored until end of transaction block

2023-02-07 21:01:50,359 - ERROR - Error while inserting row with params ['1', '1000', "'2023-02-07 21:01:50.357982+05:30'"] in table transactions
Traceback (most recent call last):
  File "/Users/dayeemparkar/Desktop/Training/BajajMarketsTrainingCaseStudy/db_connector_class.py", line 130, in insertRow
    cls.cur.execute(cls.generateInsertQuery(table_name, params, cols))
psycopg2.errors.UndefinedColumn: column "t" of relation "transactions" does not exist
LINE 1: INSERT INTO transactions (t, a, t)  VALUES (1, 1000, '2023-0...
                                  ^

2023-02-07 21:01:50,360 - ERROR - Error while creating tables
Traceback (most recent call last):
  File "/Users/dayeemparkar/Desktop/Training/BajajMarketsTrainingCaseStudy/db_connector_class.py", line 87, in createTables
    cls.cur.execute(cls.generateCreateQuery(CUSTOMER_TABLE, CUSTOMER_TABLE_COLS))
psycopg2.errors.InFailedSqlTransaction: current transaction is aborted, commands ignored until end of transaction block

2023-02-07 21:01:50,360 - ERROR - Error while selecting rows of table transactions
Traceback (most recent call last):
  File "/Users/dayeemparkar/Desktop/Training/BajajMarketsTrainingCaseStudy/db_connector_class.py", line 108, in selectRows
    cls.cur.execute(f"SELECT {select_rows} FROM {table_name} {additions};")
psycopg2.errors.InFailedSqlTransaction: current transaction is aborted, commands ignored until end of transaction block

2023-02-07 22:46:13,134 - INFO - Customer Login info: Customer uname verified
2023-02-07 22:46:13,135 - INFO - Customer uname logged in with token eyJ0eXAiOiJKV1QiLCJhbGciOiJIUzI1NiJ9.eyJ1c2VybmFtZSI6InVuYW1lIiwicGFzc3dvcmQiOiIkMmIkMTIkRmhYSTBEYjlQL0c0cEgyaEpsVVBqdWUyQ0FKSWpBTWtndVhmWHVHT1Nqblh3LjVjVWx1Li4iLCJ0aW1lc3RhbXAiOiIyMDIzLTAyLTA3IDIyOjQ2OjEzLjEzNTI4NCJ9.5YIuPuTw43JBfLmv20tpQR70lZlgP20Ilpb7Jl9pUjc
2023-02-07 22:56:36,724 - INFO - Clearing session variables for user uname
2023-02-07 22:56:36,725 - INFO - Session variables cleared
2023-02-07 23:10:50,928 - ERROR - Error while clearing session
Traceback (most recent call last):
  File "/Users/shivamtripathi2/Desktop/case Study/app.py", line 110, in clearsession
    logger.info(f"Clearing session variables for user {session[USERNAME]}")
  File "/Users/shivamtripathi2/opt/anaconda3/lib/python3.9/site-packages/flask/sessions.py", line 80, in __getitem__
    return super().__getitem__(key)
KeyError: 'username'
2023-02-08 10:03:15,217 - INFO - Customer Login info: Customer uname verified
2023-02-08 10:03:15,218 - INFO - Customer uname logged in with token eyJ0eXAiOiJKV1QiLCJhbGciOiJIUzI1NiJ9.eyJ1c2VybmFtZSI6InVuYW1lIiwicGFzc3dvcmQiOiIkMmIkMTIkRmhYSTBEYjlQL0c0cEgyaEpsVVBqdWUyQ0FKSWpBTWtndVhmWHVHT1Nqblh3LjVjVWx1Li4iLCJ0aW1lc3RhbXAiOiIyMDIzLTAyLTA4IDEwOjAzOjE1LjIxODY4NiJ9.XtL_FzCZ2_D1AB1zvMoCLOIVyCf5wagZnRnzpZWkvBc
2023-02-08 10:05:17,608 - INFO - Customer Login info: Customer uname verified
2023-02-08 10:05:17,609 - INFO - Customer uname logged in with token eyJ0eXAiOiJKV1QiLCJhbGciOiJIUzI1NiJ9.eyJ1c2VybmFtZSI6InVuYW1lIiwicGFzc3dvcmQiOiIkMmIkMTIkRmhYSTBEYjlQL0c0cEgyaEpsVVBqdWUyQ0FKSWpBTWtndVhmWHVHT1Nqblh3LjVjVWx1Li4iLCJ0aW1lc3RhbXAiOiIyMDIzLTAyLTA4IDEwOjA1OjE3LjYwOTc4OCJ9.RHoNmhlx1w992w8jUHqYvWvbxOQ9QPL5-kRyfzzdyR4
2023-02-08 10:05:21,117 - INFO - Clearing session variables for user uname
2023-02-08 10:05:21,118 - INFO - Session variables cleared
2023-02-08 10:05:25,812 - INFO - Customer Login info: Customer uname verified
2023-02-08 10:05:25,812 - INFO - Customer uname logged in with token eyJ0eXAiOiJKV1QiLCJhbGciOiJIUzI1NiJ9.eyJ1c2VybmFtZSI6InVuYW1lIiwicGFzc3dvcmQiOiIkMmIkMTIkRmhYSTBEYjlQL0c0cEgyaEpsVVBqdWUyQ0FKSWpBTWtndVhmWHVHT1Nqblh3LjVjVWx1Li4iLCJ0aW1lc3RhbXAiOiIyMDIzLTAyLTA4IDEwOjA1OjI1LjgxMjU1MCJ9.SOFngdPqTLG149AyGHT6IYdZYjj7i4Smv2QgLWR_OX0
2023-02-08 10:05:33,837 - INFO - Clearing session variables for user uname
2023-02-08 10:05:33,838 - INFO - Session variables cleared
2023-02-08 10:07:14,133 - WARNING - Customer Login warning: Invalid password upoass for customer uname
2023-02-08 10:07:21,160 - INFO - Customer Login info: Customer uname verified
2023-02-08 10:07:21,161 - INFO - Customer uname logged in with token eyJ0eXAiOiJKV1QiLCJhbGciOiJIUzI1NiJ9.eyJ1c2VybmFtZSI6InVuYW1lIiwicGFzc3dvcmQiOiIkMmIkMTIkRmhYSTBEYjlQL0c0cEgyaEpsVVBqdWUyQ0FKSWpBTWtndVhmWHVHT1Nqblh3LjVjVWx1Li4iLCJ0aW1lc3RhbXAiOiIyMDIzLTAyLTA4IDEwOjA3OjIxLjE2MTczOSJ9.C9Nnx3hlETI2wQbBxIppXh9VQ7br0YOr7VAGO4yb2Ns
2023-02-08 10:20:25,729 - INFO - Clearing session variables for user uname
2023-02-08 10:20:25,729 - INFO - Session variables cleared
2023-02-08 10:22:03,417 - INFO - Customer Login info: Customer uname verified
2023-02-08 10:22:03,418 - INFO - Customer uname logged in with token eyJ0eXAiOiJKV1QiLCJhbGciOiJIUzI1NiJ9.eyJ1c2VybmFtZSI6InVuYW1lIiwicGFzc3dvcmQiOiIkMmIkMTIkRmhYSTBEYjlQL0c0cEgyaEpsVVBqdWUyQ0FKSWpBTWtndVhmWHVHT1Nqblh3LjVjVWx1Li4iLCJ0aW1lc3RhbXAiOiIyMDIzLTAyLTA4IDEwOjIyOjAzLjQxODM2OSJ9.pbjyEvog_btvJUamenSVibM-SuJhI90wXJiO8I3QA-o
2023-02-08 11:14:12,922 - INFO - Clearing session variables for user uname
2023-02-08 11:14:12,924 - INFO - Session variables cleared
2023-02-08 11:14:20,482 - INFO - Customer Login info: Customer uname verified
2023-02-08 11:14:20,482 - INFO - Customer uname logged in with token eyJ0eXAiOiJKV1QiLCJhbGciOiJIUzI1NiJ9.eyJ1c2VybmFtZSI6InVuYW1lIiwicGFzc3dvcmQiOiIkMmIkMTIkRmhYSTBEYjlQL0c0cEgyaEpsVVBqdWUyQ0FKSWpBTWtndVhmWHVHT1Nqblh3LjVjVWx1Li4iLCJ0aW1lc3RhbXAiOiIyMDIzLTAyLTA4IDExOjE0OjIwLjQ4MjY1OSJ9.PwDmJBTK6KxKzlfnS5u-n3I4_sXlpRREH87DL2Veg7s
2023-02-08 12:40:04,019 - INFO - Customer Login info: Customer uname verified
2023-02-08 12:40:04,020 - INFO - Customer uname logged in with token eyJ0eXAiOiJKV1QiLCJhbGciOiJIUzI1NiJ9.eyJ1c2VybmFtZSI6InVuYW1lIiwicGFzc3dvcmQiOiIkMmIkMTIkRmhYSTBEYjlQL0c0cEgyaEpsVVBqdWUyQ0FKSWpBTWtndVhmWHVHT1Nqblh3LjVjVWx1Li4iLCJ0aW1lc3RhbXAiOiIyMDIzLTAyLTA4IDEyOjQwOjA0LjAyMDQ2MyJ9.s_RTE1rrM3a8KZZCjUwCk2fOXYhBTxwMLyGd8SDltSA
2023-02-08 12:40:11,837 - INFO - Customer Login info: Customer uname verified
2023-02-08 12:40:11,837 - INFO - Customer uname logged in with token eyJ0eXAiOiJKV1QiLCJhbGciOiJIUzI1NiJ9.eyJ1c2VybmFtZSI6InVuYW1lIiwicGFzc3dvcmQiOiIkMmIkMTIkRmhYSTBEYjlQL0c0cEgyaEpsVVBqdWUyQ0FKSWpBTWtndVhmWHVHT1Nqblh3LjVjVWx1Li4iLCJ0aW1lc3RhbXAiOiIyMDIzLTAyLTA4IDEyOjQwOjExLjgzNzY1MSJ9.zmQ1FmcVGABmho_4WIrFKltRq1fkyr2UANV3rArHCjU
2023-02-08 12:41:48,021 - INFO - Customer Login info: Customer uname verified
2023-02-08 12:41:48,023 - INFO - Customer uname logged in with token eyJ0eXAiOiJKV1QiLCJhbGciOiJIUzI1NiJ9.eyJ1c2VybmFtZSI6InVuYW1lIiwicGFzc3dvcmQiOiIkMmIkMTIkRmhYSTBEYjlQL0c0cEgyaEpsVVBqdWUyQ0FKSWpBTWtndVhmWHVHT1Nqblh3LjVjVWx1Li4iLCJ0aW1lc3RhbXAiOiIyMDIzLTAyLTA4IDEyOjQxOjQ4LjAyMjkxMiJ9.qd1uw9ZroltE-NJC4jq0vM_y-322VWLYy3yW2ZbD2eA
2023-02-08 12:42:07,043 - INFO - Customer Login info: Customer uname verified
2023-02-08 12:42:07,043 - INFO - Customer uname logged in with token eyJ0eXAiOiJKV1QiLCJhbGciOiJIUzI1NiJ9.eyJ1c2VybmFtZSI6InVuYW1lIiwicGFzc3dvcmQiOiIkMmIkMTIkRmhYSTBEYjlQL0c0cEgyaEpsVVBqdWUyQ0FKSWpBTWtndVhmWHVHT1Nqblh3LjVjVWx1Li4iLCJ0aW1lc3RhbXAiOiIyMDIzLTAyLTA4IDEyOjQyOjA3LjA0MzgzNCJ9.-fqP-XR2ZjGMsD-E_qHx1TFPbjuWT7R8Hws989V8r2s
2023-02-08 12:42:40,683 - INFO - Customer Login info: Customer uname verified
2023-02-08 12:42:40,684 - INFO - Customer uname logged in with token eyJ0eXAiOiJKV1QiLCJhbGciOiJIUzI1NiJ9.eyJ1c2VybmFtZSI6InVuYW1lIiwicGFzc3dvcmQiOiIkMmIkMTIkRmhYSTBEYjlQL0c0cEgyaEpsVVBqdWUyQ0FKSWpBTWtndVhmWHVHT1Nqblh3LjVjVWx1Li4iLCJ0aW1lc3RhbXAiOiIyMDIzLTAyLTA4IDEyOjQyOjQwLjY4NDEyNCJ9.iTn48zhZUmfyO_pmaPrJd3do6bolbJ-nnq2IDwmQKpI
2023-02-08 12:42:59,050 - INFO - Customer Login info: Customer uname verified
2023-02-08 12:42:59,051 - INFO - Customer uname logged in with token eyJ0eXAiOiJKV1QiLCJhbGciOiJIUzI1NiJ9.eyJ1c2VybmFtZSI6InVuYW1lIiwicGFzc3dvcmQiOiIkMmIkMTIkRmhYSTBEYjlQL0c0cEgyaEpsVVBqdWUyQ0FKSWpBTWtndVhmWHVHT1Nqblh3LjVjVWx1Li4iLCJ0aW1lc3RhbXAiOiIyMDIzLTAyLTA4IDEyOjQyOjU5LjA1MTAzNyJ9.gNhLlmvPar4hacwWjBnq9tY24dNRDJUpw2IpiW4EDeE
2023-02-08 12:44:56,572 - INFO - Customer Login info: Customer uname verified
2023-02-08 12:44:56,573 - INFO - Customer uname logged in with token eyJ0eXAiOiJKV1QiLCJhbGciOiJIUzI1NiJ9.eyJ1c2VybmFtZSI6InVuYW1lIiwicGFzc3dvcmQiOiIkMmIkMTIkRmhYSTBEYjlQL0c0cEgyaEpsVVBqdWUyQ0FKSWpBTWtndVhmWHVHT1Nqblh3LjVjVWx1Li4iLCJ0aW1lc3RhbXAiOiIyMDIzLTAyLTA4IDEyOjQ0OjU2LjU3MzcxMSJ9.iNYmzW8GnQj7ElLdxL94_-ywLMZNSxrjIps197mECPU
2023-02-08 12:54:18,065 - INFO - Clearing session variables for user uname
2023-02-08 12:54:18,065 - INFO - Session variables cleared
2023-02-08 12:54:35,947 - INFO - Customer Login info: Customer uname verified
2023-02-08 12:54:35,947 - INFO - Customer uname logged in with token eyJ0eXAiOiJKV1QiLCJhbGciOiJIUzI1NiJ9.eyJ1c2VybmFtZSI6InVuYW1lIiwicGFzc3dvcmQiOiIkMmIkMTIkRmhYSTBEYjlQL0c0cEgyaEpsVVBqdWUyQ0FKSWpBTWtndVhmWHVHT1Nqblh3LjVjVWx1Li4iLCJ0aW1lc3RhbXAiOiIyMDIzLTAyLTA4IDEyOjU0OjM1Ljk0NzM5MCJ9.tfnirPzyiIOaFxrKfoEMFzC82L-DW9w8t-F4Sp8eQII
2023-02-08 13:00:42,962 - INFO - Customer Login info: Customer uname verified
2023-02-08 13:00:42,964 - INFO - Customer uname logged in with token eyJ0eXAiOiJKV1QiLCJhbGciOiJIUzI1NiJ9.eyJ1c2VybmFtZSI6InVuYW1lIiwicGFzc3dvcmQiOiIkMmIkMTIkRmhYSTBEYjlQL0c0cEgyaEpsVVBqdWUyQ0FKSWpBTWtndVhmWHVHT1Nqblh3LjVjVWx1Li4iLCJ0aW1lc3RhbXAiOiIyMDIzLTAyLTA4IDEzOjAwOjQyLjk2MzkzOCJ9.DG4hdkUdzd2VMxq-FJf2auBjTY9g6YDjAXGoS1f3ALw
